TN:
SF:contracts/BancorExchangeProvider.sol
FN:51,BancorExchangeProvider.
FNDA:88,BancorExchangeProvider.
DA:52,0
BRDA:52,0,0,-
DA:53,0
FN:62,BancorExchangeProvider.initialize
FNDA:63,BancorExchangeProvider.initialize
DA:63,63
FN:66,BancorExchangeProvider._initialize
FNDA:88,BancorExchangeProvider._initialize
DA:70,88
DA:72,88
DA:73,88
DA:74,88
FN:79,BancorExchangeProvider.onlyBroker
FNDA:9,BancorExchangeProvider.onlyBroker
DA:80,9
BRDA:80,1,0,1
BRDA:80,1,1,7
FN:84,BancorExchangeProvider.verifyExchangeTokens
FNDA:16,BancorExchangeProvider.verifyExchangeTokens
DA:89,16
BRDA:89,2,0,3
BRDA:89,2,1,7
FN:105,BancorExchangeProvider.getPoolExchange
FNDA:7,BancorExchangeProvider.getPoolExchange
DA:108,63
DA:109,63
BRDA:109,3,0,8
BRDA:109,3,1,55
DA:113,0
FN:120,BancorExchangeProvider.getExchangeIds
FNDA:3,BancorExchangeProvider.getExchangeIds
DA:121,3
FN:129,BancorExchangeProvider.getExchanges
FNDA:4,BancorExchangeProvider.getExchanges
DA:130,4
DA:131,4
DA:132,4
DA:133,3
DA:134,3
DA:135,3
DA:136,3
FN:148,BancorExchangeProvider.getAmountOut
FNDA:11,BancorExchangeProvider.getAmountOut
DA:154,11
DA:155,10
DA:156,10
DA:162,4
DA:163,4
FN:174,BancorExchangeProvider.getAmountIn
FNDA:5,BancorExchangeProvider.getAmountIn
DA:180,5
DA:181,4
DA:183,4
DA:189,4
DA:190,4
FN:198,BancorExchangeProvider.currentPrice
FNDA:6,BancorExchangeProvider.currentPrice
DA:202,8
BRDA:202,4,0,1
BRDA:202,4,1,7
DA:206,7
DA:207,7
DA:208,7
DA:211,7
DA:212,7
FN:221,BancorExchangeProvider.setBroker
FNDA:3,BancorExchangeProvider.setBroker
DA:222,90
BRDA:222,5,0,1
BRDA:222,5,1,89
DA:223,89
DA:224,89
FN:231,BancorExchangeProvider.setReserve
FNDA:3,BancorExchangeProvider.setReserve
DA:232,90
BRDA:232,6,0,1
BRDA:232,6,1,89
DA:233,89
DA:234,89
FN:242,BancorExchangeProvider.setExitContribution
FNDA:4,BancorExchangeProvider.setExitContribution
DA:246,3
BRDA:246,7,0,1
BRDA:246,7,1,2
DA:250,2
BRDA:250,8,0,1
BRDA:250,8,1,1
DA:252,1
DA:253,1
DA:254,1
FN:262,BancorExchangeProvider.createExchange
FNDA:64,BancorExchangeProvider.createExchange
DA:265,63
DA:266,63
DA:268,55
DA:274,55
BRDA:274,9,0,1
BRDA:274,9,1,54
DA:279,54
DA:280,54
DA:281,54
BRDA:281,10,0,1
BRDA:281,10,1,53
DA:285,53
BRDA:285,11,0,1
BRDA:285,11,1,52
DA:287,52
DA:289,52
DA:292,52
DA:293,52
DA:294,52
FN:307,BancorExchangeProvider.destroyExchange
FNDA:4,BancorExchangeProvider.destroyExchange
DA:311,3
BRDA:311,12,0,1
BRDA:311,12,1,2
DA:315,2
BRDA:315,13,0,1
BRDA:315,13,1,1
DA:319,1
DA:321,1
DA:322,1
DA:323,1
DA:324,1
DA:326,1
FN:341,BancorExchangeProvider.swapIn
FNDA:8,BancorExchangeProvider.swapIn
DA:347,7
DA:348,6
DA:349,6
DA:355,3
DA:357,3
DA:358,3
FN:369,BancorExchangeProvider.swapOut
FNDA:8,BancorExchangeProvider.swapOut
DA:375,7
DA:376,6
DA:378,6
DA:384,3
DA:386,3
DA:387,3
FN:400,BancorExchangeProvider.executeSwap
FNDA:6,BancorExchangeProvider.executeSwap
DA:406,6
DA:407,6
BRDA:407,14,0,4
BRDA:407,14,1,2
DA:408,4
DA:409,4
DA:411,2
DA:412,2
DA:414,6
DA:415,6
FN:426,BancorExchangeProvider._getAmountIn
FNDA:10,BancorExchangeProvider._getAmountIn
DA:437,7
BRDA:437,15,0,4
BRDA:437,15,1,3
DA:438,4
DA:445,3
DA:452,3
FN:466,BancorExchangeProvider._getAmountOut
FNDA:16,BancorExchangeProvider._getAmountOut
DA:477,7
BRDA:477,16,0,4
BRDA:477,16,1,3
DA:478,4
DA:485,3
DA:488,3
FN:502,BancorExchangeProvider.validate
FNDA:63,BancorExchangeProvider.validate
DA:503,63
BRDA:503,17,0,1
BRDA:503,17,1,62
DA:504,62
BRDA:504,18,0,1
BRDA:504,18,1,61
DA:508,61
BRDA:508,19,0,1
BRDA:508,19,1,60
DA:509,60
BRDA:509,20,0,1
BRDA:509,20,1,59
DA:513,59
BRDA:513,21,0,2
BRDA:513,21,1,57
DA:514,57
BRDA:514,22,0,1
BRDA:514,22,1,56
DA:515,56
BRDA:515,23,0,1
BRDA:515,23,1,55
FNF:22
FNH:22
LF:103
LH:100
BRF:47
BRH:46
end_of_record
TN:
SF:contracts/BancorFormula.sol
FN:39,BancorFormula.initMaxExpArray
FNDA:88,BancorFormula.initMaxExpArray
DA:72,88
DA:73,88
DA:74,88
DA:75,88
DA:76,88
DA:77,88
DA:78,88
DA:79,88
DA:80,88
DA:81,88
DA:82,88
DA:83,88
DA:84,88
DA:85,88
DA:86,88
DA:87,88
DA:88,88
DA:89,88
DA:90,88
DA:91,88
DA:92,88
DA:93,88
DA:94,88
DA:95,88
DA:96,88
DA:97,88
DA:98,88
DA:99,88
DA:100,88
DA:101,88
DA:102,88
DA:103,88
DA:104,88
DA:105,88
DA:106,88
DA:107,88
DA:108,88
DA:109,88
DA:110,88
DA:111,88
DA:112,88
DA:113,88
DA:114,88
DA:115,88
DA:116,88
DA:117,88
DA:118,88
DA:119,88
DA:120,88
DA:121,88
DA:122,88
DA:123,88
DA:124,88
DA:125,88
DA:126,88
DA:127,88
DA:128,88
DA:129,88
DA:130,88
DA:131,88
DA:132,88
DA:133,88
DA:134,88
DA:135,88
DA:136,88
DA:137,88
DA:138,88
DA:139,88
DA:140,88
DA:141,88
DA:142,88
DA:143,88
DA:144,88
DA:145,88
DA:146,88
DA:147,88
DA:148,88
DA:149,88
DA:150,88
DA:151,88
DA:152,88
DA:153,88
DA:154,88
DA:155,88
DA:156,88
DA:157,88
DA:158,88
DA:159,88
DA:160,88
DA:161,88
DA:162,88
DA:163,88
DA:164,88
DA:165,88
DA:166,88
DA:167,88
FN:173,BancorFormula.init
FNDA:0,BancorFormula.init
DA:174,88
FN:191,BancorFormula.purchaseTargetAmount
FNDA:4,BancorFormula.purchaseTargetAmount
DA:198,4
BRDA:198,0,0,-
BRDA:198,0,1,4
DA:199,4
BRDA:199,1,0,-
BRDA:199,1,1,4
DA:200,4
BRDA:200,2,0,-
BRDA:200,2,1,4
DA:203,4
DA:206,4
DA:208,4
DA:209,4
DA:210,4
DA:211,4
DA:212,4
DA:213,4
FN:230,BancorFormula.saleTargetAmount
FNDA:3,BancorFormula.saleTargetAmount
DA:237,3
BRDA:237,5,0,-
BRDA:237,5,1,3
DA:238,3
BRDA:238,6,0,-
BRDA:238,6,1,3
DA:239,3
BRDA:239,7,0,-
BRDA:239,7,1,3
DA:240,3
BRDA:240,8,0,-
BRDA:240,8,1,3
DA:243,3
DA:246,3
DA:249,3
DA:251,3
DA:252,3
DA:253,3
DA:254,3
DA:255,3
DA:256,3
DA:257,3
FN:274,BancorFormula.fundCost
FNDA:4,BancorFormula.fundCost
DA:281,4
BRDA:281,12,0,-
BRDA:281,12,1,4
DA:282,4
BRDA:282,13,0,-
BRDA:282,13,1,4
DA:283,4
BRDA:283,14,0,-
BRDA:283,14,1,4
DA:286,4
DA:289,4
DA:291,4
DA:292,4
DA:293,4
DA:294,4
DA:295,4
DA:296,4
FN:313,BancorFormula.fundSupplyAmount
FNDA:3,BancorFormula.fundSupplyAmount
DA:320,3
BRDA:320,17,0,-
BRDA:320,17,1,3
DA:321,3
BRDA:321,18,0,-
BRDA:321,18,1,3
DA:322,3
BRDA:322,19,0,-
BRDA:322,19,1,3
DA:325,3
DA:328,3
DA:330,3
DA:331,3
DA:332,3
DA:333,3
DA:334,3
DA:335,3
FN:356,BancorFormula.power
FNDA:14,BancorFormula.power
DA:357,14
BRDA:357,22,0,-
BRDA:357,22,1,14
DA:359,14
DA:360,14
DA:361,14
BRDA:361,23,0,14
BRDA:361,23,1,-
DA:362,14
DA:364,0
DA:367,14
DA:368,14
BRDA:368,24,0,14
BRDA:368,24,1,-
DA:369,14
DA:371,0
DA:372,0
FN:380,BancorFormula.generalLog
FNDA:0,BancorFormula.generalLog
DA:381,0
DA:384,0
BRDA:384,25,0,-
DA:385,0
DA:386,0
DA:387,0
DA:391,0
BRDA:391,26,0,-
DA:392,0
DA:393,0
DA:394,0
BRDA:394,27,0,-
DA:395,0
DA:396,0
DA:401,0
FN:407,BancorFormula.floorLog2
FNDA:0,BancorFormula.floorLog2
DA:408,0
DA:410,0
BRDA:410,28,0,-
BRDA:410,28,1,-
DA:412,0
DA:413,0
DA:414,0
DA:418,0
DA:419,0
BRDA:419,29,0,-
DA:420,0
DA:421,0
DA:426,0
FN:434,BancorFormula.findPositionInMaxExpArray
FNDA:0,BancorFormula.findPositionInMaxExpArray
DA:435,0
DA:436,0
DA:438,0
DA:439,0
DA:440,0
BRDA:440,30,0,-
BRDA:440,30,1,-
DA:441,0
DA:444,0
DA:445,0
DA:447,0
BRDA:447,33,0,-
BRDA:447,33,1,-
FN:457,BancorFormula.generalExp
FNDA:0,BancorFormula.generalExp
DA:458,0
DA:459,0
DA:461,0
DA:462,0
DA:463,0
DA:464,0
DA:465,0
DA:466,0
DA:467,0
DA:468,0
DA:469,0
DA:470,0
DA:471,0
DA:472,0
DA:473,0
DA:474,0
DA:475,0
DA:476,0
DA:477,0
DA:478,0
DA:479,0
DA:480,0
DA:481,0
DA:482,0
DA:483,0
DA:484,0
DA:485,0
DA:486,0
DA:487,0
DA:488,0
DA:489,0
DA:490,0
DA:491,0
DA:492,0
DA:493,0
DA:494,0
DA:495,0
DA:496,0
DA:497,0
DA:498,0
DA:499,0
DA:500,0
DA:501,0
DA:502,0
DA:503,0
DA:504,0
DA:505,0
DA:506,0
DA:507,0
DA:508,0
DA:509,0
DA:510,0
DA:511,0
DA:512,0
DA:513,0
DA:514,0
DA:515,0
DA:516,0
DA:517,0
DA:518,0
DA:519,0
DA:520,0
DA:521,0
DA:522,0
DA:523,0
DA:524,0
DA:526,0
FN:540,BancorFormula.optimalLog
FNDA:14,BancorFormula.optimalLog
DA:541,14
DA:543,14
DA:544,14
DA:545,14
DA:547,14
BRDA:547,34,0,-
DA:548,0
DA:549,0
DA:551,14
BRDA:551,35,0,-
DA:552,0
DA:553,0
DA:555,14
BRDA:555,36,0,-
DA:556,0
DA:557,0
DA:559,14
BRDA:559,37,0,-
DA:560,0
DA:561,0
DA:563,14
BRDA:563,38,0,-
DA:564,0
DA:565,0
DA:567,14
BRDA:567,39,0,-
DA:568,0
DA:569,0
DA:571,14
BRDA:571,40,0,-
DA:572,0
DA:573,0
DA:575,14
BRDA:575,41,0,-
DA:576,0
DA:577,0
DA:580,14
DA:581,14
DA:582,14
DA:583,14
DA:584,14
DA:585,14
DA:586,14
DA:587,14
DA:588,14
DA:589,14
DA:590,14
DA:591,14
DA:592,14
DA:593,14
DA:594,14
DA:595,14
DA:596,14
DA:598,14
FN:612,BancorFormula.optimalExp
FNDA:14,BancorFormula.optimalExp
DA:613,14
DA:615,14
DA:616,14
DA:618,14
DA:619,14
DA:620,14
DA:621,14
DA:622,14
DA:623,14
DA:624,14
DA:625,14
DA:626,14
DA:627,14
DA:628,14
DA:629,14
DA:630,14
DA:631,14
DA:632,14
DA:633,14
DA:634,14
DA:635,14
DA:636,14
DA:637,14
DA:638,14
DA:639,14
DA:640,14
DA:641,14
DA:642,14
DA:643,14
DA:644,14
DA:645,14
DA:646,14
DA:647,14
DA:648,14
DA:649,14
DA:650,14
DA:651,14
DA:652,14
DA:653,14
DA:654,14
DA:655,14
DA:656,14
DA:657,14
DA:659,14
DA:660,0
BRDA:660,42,0,-
DA:661,14
DA:662,0
BRDA:662,43,0,-
DA:663,14
DA:664,0
BRDA:664,44,0,-
DA:665,14
DA:666,0
BRDA:666,45,0,-
DA:667,14
DA:668,0
BRDA:668,46,0,-
DA:669,14
DA:670,0
BRDA:670,47,0,-
DA:671,14
DA:672,0
BRDA:672,48,0,-
DA:674,14
FNF:13
FNH:8
LF:357
LH:233
BRF:57
BRH:16
end_of_record
TN:
SF:contracts/GoodDollarExchangeProvider.sol
FN:36,GoodDollarExchangeProvider.
FNDA:25,GoodDollarExchangeProvider.
FN:45,GoodDollarExchangeProvider.initialize
FNDA:25,GoodDollarExchangeProvider.initialize
DA:51,25
DA:52,25
DA:54,25
DA:55,25
FN:60,GoodDollarExchangeProvider.onlyAvatar
FNDA:2,GoodDollarExchangeProvider.onlyAvatar
DA:61,2
BRDA:61,0,0,1
BRDA:61,0,1,2
FN:65,GoodDollarExchangeProvider.onlyExpansionController
FNDA:8,GoodDollarExchangeProvider.onlyExpansionController
DA:66,8
BRDA:66,1,0,1
BRDA:66,1,1,6
FN:76,GoodDollarExchangeProvider.setAvatar
FNDA:3,GoodDollarExchangeProvider.setAvatar
DA:77,27
BRDA:77,2,0,1
BRDA:77,2,1,26
DA:78,26
DA:79,26
FN:86,GoodDollarExchangeProvider.setExpansionController
FNDA:3,GoodDollarExchangeProvider.setExpansionController
DA:87,27
BRDA:87,3,0,1
BRDA:87,3,1,26
DA:88,26
DA:89,26
FN:100,GoodDollarExchangeProvider.swapIn
FNDA:2,GoodDollarExchangeProvider.swapIn
DA:106,1
FN:117,GoodDollarExchangeProvider.swapOut
FNDA:2,GoodDollarExchangeProvider.swapOut
DA:123,1
FN:135,GoodDollarExchangeProvider.mintFromExpansion
FNDA:8,GoodDollarExchangeProvider.mintFromExpansion
DA:139,6
BRDA:139,4,0,1
BRDA:139,4,1,5
DA:140,5
DA:142,4
DA:143,4
DA:145,4
DA:146,4
DA:148,4
DA:149,4
DA:151,4
DA:152,4
DA:154,4
DA:155,4
DA:156,4
FN:168,GoodDollarExchangeProvider.mintFromInterest
FNDA:7,GoodDollarExchangeProvider.mintFromInterest
DA:172,5
DA:174,4
DA:175,4
DA:178,4
DA:180,4
DA:181,4
DA:183,4
FN:193,GoodDollarExchangeProvider.updateRatioForReward
FNDA:5,GoodDollarExchangeProvider.updateRatioForReward
DA:194,3
DA:196,2
BRDA:196,5,0,-
DA:197,0
DA:200,2
DA:201,2
DA:203,2
DA:204,2
DA:205,2
DA:207,2
DA:208,2
DA:209,2
DA:211,2
FN:218,GoodDollarExchangeProvider.pause
FNDA:3,GoodDollarExchangeProvider.pause
DA:219,2
FN:226,GoodDollarExchangeProvider.unpause
FNDA:2,GoodDollarExchangeProvider.unpause
DA:227,1
FNF:13
FNH:13
LF:48
LH:47
BRF:11
BRH:10
end_of_record
TN:
SF:contracts/GoodDollarExpansionController.sol
FN:55,GoodDollarExpansionController.
FNDA:34,GoodDollarExpansionController.
DA:56,0
BRDA:56,0,0,-
DA:57,0
FN:68,GoodDollarExpansionController.initialize
FNDA:34,GoodDollarExpansionController.initialize
DA:74,34
DA:75,34
DA:77,34
DA:78,34
DA:79,34
DA:80,34
FN:85,GoodDollarExpansionController.onlyAvatar
FNDA:4,GoodDollarExpansionController.onlyAvatar
DA:86,4
BRDA:86,1,0,1
BRDA:86,1,1,19
FN:97,GoodDollarExpansionController.getExpansionConfig
FNDA:10,GoodDollarExpansionController.getExpansionConfig
DA:100,19
BRDA:100,2,0,2
BRDA:100,2,1,17
DA:104,17
FN:113,GoodDollarExpansionController.setGoodDollarExchangeProvider
FNDA:3,GoodDollarExpansionController.setGoodDollarExchangeProvider
DA:116,36
BRDA:116,3,0,1
BRDA:116,3,1,35
DA:120,35
DA:123,35
FN:130,GoodDollarExpansionController.setDistributionHelper
FNDA:3,GoodDollarExpansionController.setDistributionHelper
DA:133,36
BRDA:133,4,0,1
BRDA:133,4,1,35
DA:137,35
DA:138,35
FN:145,GoodDollarExpansionController.setReserve
FNDA:3,GoodDollarExpansionController.setReserve
DA:146,36
BRDA:146,5,0,1
BRDA:146,5,1,35
DA:147,35
DA:148,35
FN:155,GoodDollarExpansionController.setAvatar
FNDA:3,GoodDollarExpansionController.setAvatar
DA:156,36
BRDA:156,6,0,1
BRDA:156,6,1,35
DA:157,35
DA:158,35
FN:167,GoodDollarExpansionController.setExpansionConfig
FNDA:20,GoodDollarExpansionController.setExpansionConfig
DA:172,19
BRDA:172,7,0,1
BRDA:172,7,1,18
DA:176,18
BRDA:176,8,0,1
BRDA:176,8,1,17
DA:177,17
BRDA:177,9,0,1
BRDA:177,9,1,16
DA:182,16
DA:183,16
DA:186,16
FN:194,GoodDollarExpansionController.mintUBIFromInterest
FNDA:2,GoodDollarExpansionController.mintUBIFromInterest
DA:198,2
BRDA:198,10,0,1
BRDA:198,10,1,1
DA:199,1
DA:200,1
DA:204,1
DA:209,1
BRDA:209,11,0,-
BRDA:209,11,1,1
DA:217,1
DA:221,1
FN:229,GoodDollarExpansionController.mintUBIFromReserveBalance
FNDA:2,GoodDollarExpansionController.mintUBIFromReserveBalance
DA:232,2
DA:233,2
DA:237,2
DA:239,2
DA:241,2
BRDA:241,12,0,1
DA:242,1
DA:246,1
DA:251,1
FN:260,GoodDollarExpansionController.mintUBIFromExpansion
FNDA:9,GoodDollarExpansionController.mintUBIFromExpansion
DA:263,9
DA:264,8
DA:265,8
DA:269,8
DA:270,8
DA:271,8
BRDA:271,13,0,7
DA:272,7
DA:275,7
BRDA:275,14,0,5
BRDA:275,14,1,2
DA:276,5
DA:278,2
DA:283,7
DA:284,7
DA:288,7
DA:291,7
DA:296,7
DA:300,7
DA:301,7
FN:311,GoodDollarExpansionController.mintRewardFromRR
FNDA:4,GoodDollarExpansionController.mintRewardFromRR
DA:316,3
BRDA:316,15,0,1
BRDA:316,15,1,2
DA:317,2
BRDA:317,16,0,1
BRDA:317,16,1,1
DA:318,1
DA:319,1
DA:323,1
DA:324,1
DA:325,1
FNF:13
FNH:13
LF:68
LH:66
BRF:31
BRH:29
end_of_record
TN:
SF:contracts/common/SafeERC20MintableBurnable.sol
FN:18,SafeERC20MintableBurnable.safeTransferFrom
FNDA:6,SafeERC20MintableBurnable.safeTransferFrom
DA:19,6
FN:22,SafeERC20MintableBurnable.safeMint
FNDA:3,SafeERC20MintableBurnable.safeMint
DA:23,3
FN:26,SafeERC20MintableBurnable.safeBurn
FNDA:3,SafeERC20MintableBurnable.safeBurn
DA:27,3
FN:36,SafeERC20MintableBurnable._callOptionalReturn
FNDA:12,SafeERC20MintableBurnable._callOptionalReturn
DA:41,12
DA:42,12
BRDA:42,0,0,12
DA:44,12
BRDA:44,1,0,-
BRDA:44,1,1,12
FNF:4
FNH:4
LF:6
LH:6
BRF:3
BRH:2
end_of_record
TN:
SF:contracts/libraries/TradingLimits.sol
FN:54,TradingLimits.validate
FNDA:14,TradingLimits.validate
DA:55,14
BRDA:55,0,0,1
BRDA:55,0,1,13
DA:56,13
BRDA:56,1,0,2
BRDA:56,1,1,11
DA:57,11
BRDA:57,2,0,-
BRDA:57,2,1,11
DA:58,11
BRDA:58,3,0,1
BRDA:58,3,1,10
DA:59,10
BRDA:59,4,0,1
BRDA:59,4,1,9
DA:60,9
BRDA:60,5,0,1
BRDA:60,5,1,8
DA:61,8
BRDA:61,6,0,1
BRDA:61,6,1,7
DA:62,7
BRDA:62,7,0,1
BRDA:62,7,1,6
DA:63,6
BRDA:63,8,0,1
BRDA:63,8,1,5
FN:72,TradingLimits.verify
FNDA:12,TradingLimits.verify
DA:73,12
BRDA:73,9,0,3
DA:74,3
DA:76,9
BRDA:76,10,0,2
DA:77,2
DA:80,7
DA:82,2
BRDA:82,11,0,2
DA:83,2
FN:96,TradingLimits.reset
FNDA:5,TradingLimits.reset
DA:101,5
DA:102,5
DA:103,5
BRDA:103,12,0,-
DA:104,0
DA:106,5
BRDA:106,13,0,5
DA:107,5
DA:109,5
BRDA:109,14,0,4
DA:110,4
DA:112,5
FN:124,TradingLimits.update
FNDA:12,TradingLimits.update
DA:130,12
DA:131,12
BRDA:131,15,0,1
BRDA:131,15,1,11
DA:133,11
DA:134,11
BRDA:134,16,0,2
DA:135,2
DA:138,11
BRDA:138,17,0,5
DA:139,5
BRDA:139,18,0,-
DA:140,0
DA:141,0
DA:143,5
DA:145,5
BRDA:145,19,0,1
DA:146,1
BRDA:146,20,0,-
DA:147,0
DA:148,0
DA:150,1
DA:153,11
BRDA:153,21,0,6
DA:154,6
DA:157,10
FN:167,TradingLimits.safeINT48Add
FNDA:12,TradingLimits.safeINT48Add
DA:168,12
DA:169,12
BRDA:169,22,0,1
BRDA:169,22,1,11
DA:170,11
FNF:5
FNH:5
LF:46
LH:41
BRF:34
BRH:30
end_of_record
TN:
SF:contracts/swap/Broker.sol
FN:55,Broker.
FNDA:30,Broker.
FN:62,Broker.initialize
FNDA:30,Broker.initialize
DA:63,30
DA:64,30
DA:65,90
FN:74,Broker.setReserves
FNDA:4,Broker.setReserves
DA:78,3
DA:79,4
BRDA:79,0,0,1
BRDA:79,0,1,3
DA:80,3
BRDA:80,1,0,1
BRDA:80,1,1,2
DA:81,2
DA:82,2
FN:94,Broker.addExchangeProvider
FNDA:5,Broker.addExchangeProvider
DA:98,94
BRDA:98,2,0,1
BRDA:98,2,1,93
DA:99,93
BRDA:99,3,0,1
BRDA:99,3,1,92
DA:100,92
BRDA:100,4,0,1
BRDA:100,4,1,91
DA:101,91
DA:102,91
DA:103,91
DA:104,91
DA:105,91
DA:106,91
FN:114,Broker.removeExchangeProvider
FNDA:4,Broker.removeExchangeProvider
DA:118,3
BRDA:118,5,0,2
BRDA:118,5,1,1
DA:119,1
DA:120,1
DA:121,1
DA:122,1
DA:123,1
FN:135,Broker.getAmountIn
FNDA:2,Broker.getAmountIn
DA:142,2
BRDA:142,6,0,1
BRDA:142,6,1,1
DA:143,1
FN:155,Broker.getAmountOut
FNDA:2,Broker.getAmountOut
DA:162,2
BRDA:162,7,0,1
BRDA:162,7,1,1
DA:163,1
FN:176,Broker.swapIn
FNDA:5,Broker.swapIn
DA:184,5
BRDA:184,8,0,-
BRDA:184,8,1,5
DA:186,5
DA:187,5
BRDA:187,9,0,1
BRDA:187,9,1,4
DA:188,4
DA:190,3
DA:191,3
DA:192,3
DA:193,3
FN:206,Broker.swapOut
FNDA:4,Broker.swapOut
DA:214,4
BRDA:214,10,0,1
BRDA:214,10,1,3
DA:216,3
DA:217,3
BRDA:217,11,0,1
BRDA:217,11,1,2
DA:218,2
DA:220,2
DA:221,2
DA:222,2
DA:223,2
FN:232,Broker.burnStableTokens
FNDA:1,Broker.burnStableTokens
DA:233,1
DA:234,1
DA:235,1
FN:250,Broker.configureTradingLimit
FNDA:2,Broker.configureTradingLimit
DA:255,2
DA:257,2
DA:258,2
DA:259,2
DA:260,2
FN:274,Broker.transferOut
FNDA:5,Broker.transferOut
DA:275,5
DA:276,5
BRDA:276,12,0,3
BRDA:276,12,1,2
DA:277,3
DA:278,2
BRDA:278,13,0,2
BRDA:278,13,1,2
DA:279,2
BRDA:279,14,0,-
BRDA:279,14,1,2
DA:281,0
FN:294,Broker.transferIn
FNDA:5,Broker.transferIn
DA:295,5
DA:296,5
BRDA:296,15,0,2
BRDA:296,15,1,-
DA:297,2
DA:298,2
DA:299,3
BRDA:299,16,0,3
BRDA:299,16,1,-
DA:300,3
DA:302,0
FN:315,Broker.guardTradingLimits
FNDA:6,Broker.guardTradingLimits
DA:322,6
DA:323,6
DA:324,6
BRDA:324,17,0,-
BRDA:324,17,1,6
DA:325,6
BRDA:325,18,0,-
BRDA:325,18,1,6
DA:327,6
DA:328,5
FN:338,Broker.guardTradingLimit
FNDA:11,Broker.guardTradingLimit
DA:339,11
DA:340,11
BRDA:340,19,0,2
DA:341,2
DA:342,2
DA:343,2
DA:344,1
FN:355,Broker.getExchangeProviders
FNDA:3,Broker.getExchangeProviders
DA:356,3
FNF:16
FNH:16
LF:77
LH:75
BRF:39
BRH:33
end_of_record
TN:
SF:node_modules/@celo/contracts/common/FixidityLib.sol
FN:26,FixidityLib.digits
FNDA:0,FixidityLib.digits
DA:27,0
FN:37,FixidityLib.fixed1
FNDA:13,FixidityLib.fixed1
DA:38,13
FN:47,FixidityLib.wrap
FNDA:27,FixidityLib.wrap
DA:48,27
FN:54,FixidityLib.unwrap
FNDA:26,FixidityLib.unwrap
DA:55,26
FN:62,FixidityLib.mulPrecision
FNDA:28,FixidityLib.mulPrecision
DA:63,28
FN:71,FixidityLib.maxNewFixed
FNDA:40,FixidityLib.maxNewFixed
DA:72,40
FN:82,FixidityLib.newFixed
FNDA:40,FixidityLib.newFixed
DA:83,40
BRDA:83,0,0,-
BRDA:83,0,1,40
DA:84,40
FN:91,FixidityLib.fromFixed
FNDA:14,FixidityLib.fromFixed
DA:92,14
FN:106,FixidityLib.newFixedFraction
FNDA:13,FixidityLib.newFixedFraction
DA:111,13
DA:112,13
DA:113,13
FN:123,FixidityLib.integer
FNDA:28,FixidityLib.integer
DA:124,28
FN:135,FixidityLib.fractional
FNDA:28,FixidityLib.fractional
DA:136,28
FN:147,FixidityLib.add
FNDA:42,FixidityLib.add
DA:148,42
DA:149,42
BRDA:149,1,0,-
BRDA:149,1,1,42
DA:150,42
FN:158,FixidityLib.subtract
FNDA:0,FixidityLib.subtract
DA:159,0
BRDA:159,2,0,-
BRDA:159,2,1,-
DA:160,0
FN:176,FixidityLib.multiply
FNDA:14,FixidityLib.multiply
DA:177,14
DA:178,14
DA:179,14
DA:183,14
DA:184,14
DA:185,14
DA:186,14
DA:189,14
DA:190,14
BRDA:190,6,0,14
BRDA:190,7,0,-
BRDA:190,7,1,14
DA:194,14
DA:195,14
BRDA:195,8,0,7
BRDA:195,9,0,-
BRDA:195,9,1,7
DA:196,14
DA:198,14
DA:199,14
BRDA:199,10,0,-
BRDA:199,11,0,-
BRDA:199,11,1,-
DA:201,14
DA:202,14
BRDA:202,12,0,14
BRDA:202,13,0,-
BRDA:202,13,1,14
DA:204,14
DA:205,14
DA:206,14
DA:207,14
BRDA:207,14,0,-
BRDA:207,15,0,-
BRDA:207,15,1,-
DA:210,14
DA:211,14
DA:212,14
DA:213,14
DA:214,14
FN:226,FixidityLib.reciprocal
FNDA:0,FixidityLib.reciprocal
DA:227,0
BRDA:227,16,0,-
BRDA:227,16,1,-
DA:228,0
FN:244,FixidityLib.divide
FNDA:26,FixidityLib.divide
DA:245,26
BRDA:245,17,0,-
BRDA:245,17,1,26
DA:246,26
DA:247,26
BRDA:247,18,0,-
BRDA:247,18,1,26
DA:248,26
FN:254,FixidityLib.gt
FNDA:0,FixidityLib.gt
DA:255,0
FN:261,FixidityLib.gte
FNDA:0,FixidityLib.gte
DA:262,0
FN:268,FixidityLib.lt
FNDA:0,FixidityLib.lt
DA:269,0
FN:275,FixidityLib.lte
FNDA:0,FixidityLib.lte
DA:276,0
FN:282,FixidityLib.equals
FNDA:0,FixidityLib.equals
DA:283,0
FN:289,FixidityLib.isProperFraction
FNDA:0,FixidityLib.isProperFraction
DA:290,0
FNF:22
FNH:13
LF:56
LH:45
BRF:27
BRH:10
end_of_record
TN:
SF:node_modules/@celo/contracts/common/Initializable.sol
FN:7,Initializable.
FNDA:30,Initializable.
DA:8,30
BRDA:8,0,0,-
DA:9,0
FN:13,Initializable.initializer
FNDA:30,Initializable.initializer
DA:14,30
BRDA:14,1,0,-
BRDA:14,1,1,30
DA:15,30
FNF:2
FNH:2
LF:4
LH:3
BRF:3
BRH:1
end_of_record
TN:
SF:test/unit/goodDollar/BancorExchangeProvider.t.sol
FN:50,BancorExchangeProviderTest.setUp
FNDA:63,BancorExchangeProviderTest.setUp
DA:51,63
DA:52,63
DA:53,63
DA:55,63
DA:56,63
DA:58,63
DA:67,63
DA:76,63
DA:84,63
DA:92,63
FN:102,BancorExchangeProviderTest.initializeBancorExchangeProvider
FNDA:63,BancorExchangeProviderTest.initializeBancorExchangeProvider
DA:106,63
DA:110,63
DA:111,63
FNF:2
FNH:2
LF:13
LH:13
BRF:0
BRH:0
end_of_record
TN:
SF:test/unit/goodDollar/GoodDollarExchangeProvider.t.sol
FN:42,GoodDollarExchangeProviderTest.setUp
FNDA:25,GoodDollarExchangeProviderTest.setUp
DA:43,25
DA:44,25
DA:45,25
DA:47,25
DA:48,25
DA:49,25
DA:50,25
DA:52,25
DA:61,25
DA:69,25
DA:77,25
FN:87,GoodDollarExchangeProviderTest.initializeGoodDollarExchangeProvider
FNDA:25,GoodDollarExchangeProviderTest.initializeGoodDollarExchangeProvider
DA:91,25
DA:95,25
DA:101,25
FNF:2
FNH:2
LF:14
LH:14
BRF:0
BRH:0
end_of_record
TN:
SF:test/unit/goodDollar/GoodDollarExpansionController.t.sol
FN:57,GoodDollarExpansionControllerTest.setUp
FNDA:34,GoodDollarExpansionControllerTest.setUp
DA:58,34
DA:59,34
DA:61,34
DA:62,34
DA:63,34
DA:64,34
FN:67,GoodDollarExpansionControllerTest.initializeGoodDollarExpansionController
FNDA:34,GoodDollarExpansionControllerTest.initializeGoodDollarExpansionController
DA:71,34
DA:75,34
DA:82,34
FNF:2
FNH:2
LF:9
LH:9
BRF:0
BRH:0
end_of_record
TN:
SF:test/unit/swap/Broker.t.sol
FN:56,BrokerTest.setUp
FNDA:30,BrokerTest.setUp
DA:58,30
DA:59,30
DA:60,30
DA:61,30
DA:62,30
DA:63,30
DA:64,30
DA:66,30
DA:67,30
DA:69,30
DA:70,30
DA:71,30
DA:72,30
DA:73,30
DA:74,30
DA:76,30
DA:77,30
FNF:1
FNH:1
LF:17
LH:17
BRF:0
BRH:0
end_of_record
TN:
SF:test/utils/harnesses/TradingLimitsHarness.sol
FN:13,TradingLimitsHarness.validate
FNDA:12,TradingLimitsHarness.validate
DA:14,12
FN:17,TradingLimitsHarness.verify
FNDA:10,TradingLimitsHarness.verify
DA:18,10
FN:21,TradingLimitsHarness.reset
FNDA:3,TradingLimitsHarness.reset
DA:25,3
FN:28,TradingLimitsHarness.update
FNDA:10,TradingLimitsHarness.update
DA:34,10
FNF:4
FNH:4
LF:4
LH:4
BRF:0
BRH:0
end_of_record
TN:
SF:test/utils/mocks/MockExchangeProvider.sol
FN:11,MockExchangeProvider.setRate
FNDA:13,MockExchangeProvider.setRate
DA:12,13
DA:13,13
DA:14,13
DA:15,13
FN:18,MockExchangeProvider.getAmountOut
FNDA:3,MockExchangeProvider.getAmountOut
DA:24,3
FN:27,MockExchangeProvider.getAmountIn
FNDA:3,MockExchangeProvider.getAmountIn
DA:33,3
FN:36,MockExchangeProvider.swapIn
FNDA:5,MockExchangeProvider.swapIn
DA:42,5
FN:45,MockExchangeProvider.swapOut
FNDA:3,MockExchangeProvider.swapOut
DA:51,3
FN:54,MockExchangeProvider._getAmountOut
FNDA:8,MockExchangeProvider._getAmountOut
DA:60,8
DA:61,8
FN:64,MockExchangeProvider._getAmountIn
FNDA:6,MockExchangeProvider._getAmountIn
DA:70,6
DA:71,6
FN:74,MockExchangeProvider.getExchanges
FNDA:0,MockExchangeProvider.getExchanges
FNF:8
FNH:7
LF:12
LH:12
BRF:0
BRH:0
end_of_record
TN:
SF:test/utils/mocks/MockReserve.sol
FN:19,MockReserve.
FNDA:0,MockReserve.
FN:24,MockReserve.setGoldToken
FNDA:0,MockReserve.setGoldToken
DA:25,0
FN:28,MockReserve.transferGold
FNDA:0,MockReserve.transferGold
DA:29,0
BRDA:29,0,0,-
BRDA:29,0,1,-
DA:30,0
FN:33,MockReserve.transferExchangeGold
FNDA:0,MockReserve.transferExchangeGold
DA:34,0
BRDA:34,1,0,-
BRDA:34,1,1,-
DA:35,0
FN:38,MockReserve.transferCollateralAsset
FNDA:0,MockReserve.transferCollateralAsset
DA:39,0
BRDA:39,2,0,-
BRDA:39,2,1,-
DA:40,0
FN:43,MockReserve.transferExchangeCollateralAsset
FNDA:2,MockReserve.transferExchangeCollateralAsset
DA:48,2
BRDA:48,3,0,-
BRDA:48,3,1,2
DA:49,2
FN:52,MockReserve.addToken
FNDA:30,MockReserve.addToken
DA:53,30
DA:54,30
FN:57,MockReserve.addCollateralAsset
FNDA:30,MockReserve.addCollateralAsset
DA:58,30
DA:59,30
FN:62,MockReserve.burnToken
FNDA:0,MockReserve.burnToken
DA:63,0
FN:66,MockReserve.getUnfrozenReserveGoldBalance
FNDA:0,MockReserve.getUnfrozenReserveGoldBalance
DA:67,0
FN:70,MockReserve.isStableAsset
FNDA:10,MockReserve.isStableAsset
DA:71,10
FN:74,MockReserve.isCollateralAsset
FNDA:5,MockReserve.isCollateralAsset
DA:75,5
FN:78,MockReserve.setReserveSpender
FNDA:0,MockReserve.setReserveSpender
DA:79,0
FN:82,MockReserve.isExchangeSpender
FNDA:0,MockReserve.isExchangeSpender
DA:83,0
FNF:14
FNH:5
LF:19
LH:8
BRF:8
BRH:1
end_of_record
TN:
SF:test/utils/mocks/TestERC20.sol
FN:7,TestERC20.
FNDA:60,TestERC20.
FN:9,TestERC20.mint
FNDA:13,TestERC20.mint
DA:10,13
DA:11,13
FN:14,TestERC20.burn
FNDA:3,TestERC20.burn
DA:15,3
DA:16,3
FNF:3
FNH:3
LF:4
LH:4
BRF:0
BRH:0
end_of_record
