TN:
SF:contracts/BancorExchangeProvider.sol
FN:51,BancorExchangeProvider.
FNDA:94,BancorExchangeProvider.
DA:52,0
BRDA:52,0,0,-
DA:53,0
FN:62,BancorExchangeProvider.initialize
FNDA:63,BancorExchangeProvider.initialize
DA:63,63
FN:66,BancorExchangeProvider._initialize
FNDA:94,BancorExchangeProvider._initialize
DA:70,94
DA:72,94
DA:73,94
DA:74,94
FN:79,BancorExchangeProvider.onlyBroker
FNDA:11,BancorExchangeProvider.onlyBroker
DA:80,11
BRDA:80,1,0,1
BRDA:80,1,1,9
FN:84,BancorExchangeProvider.verifyExchangeTokens
FNDA:20,BancorExchangeProvider.verifyExchangeTokens
DA:89,20
BRDA:89,2,0,3
BRDA:89,2,1,11
FN:105,BancorExchangeProvider.getPoolExchange
FNDA:9,BancorExchangeProvider.getPoolExchange
DA:108,91
DA:109,91
BRDA:109,3,0,8
BRDA:109,3,1,83
DA:113,0
FN:120,BancorExchangeProvider.getExchangeIds
FNDA:3,BancorExchangeProvider.getExchangeIds
DA:121,3
FN:129,BancorExchangeProvider.getExchanges
FNDA:4,BancorExchangeProvider.getExchanges
DA:130,4
DA:131,4
DA:132,4
DA:133,3
DA:134,3
DA:135,3
DA:136,3
FN:148,BancorExchangeProvider.getAmountOut
FNDA:13,BancorExchangeProvider.getAmountOut
DA:154,13
DA:155,12
DA:156,12
DA:162,6
DA:163,6
FN:174,BancorExchangeProvider.getAmountIn
FNDA:7,BancorExchangeProvider.getAmountIn
DA:180,7
DA:181,6
DA:183,6
DA:189,6
DA:190,6
FN:198,BancorExchangeProvider.currentPrice
FNDA:18,BancorExchangeProvider.currentPrice
DA:202,20
BRDA:202,4,0,1
BRDA:202,4,1,19
DA:206,19
DA:207,19
DA:208,19
DA:211,19
DA:212,19
FN:221,BancorExchangeProvider.setBroker
FNDA:3,BancorExchangeProvider.setBroker
DA:222,96
BRDA:222,5,0,1
BRDA:222,5,1,95
DA:223,95
DA:224,95
FN:231,BancorExchangeProvider.setReserve
FNDA:3,BancorExchangeProvider.setReserve
DA:232,96
BRDA:232,6,0,1
BRDA:232,6,1,95
DA:233,95
DA:234,95
FN:242,BancorExchangeProvider.setExitContribution
FNDA:4,BancorExchangeProvider.setExitContribution
DA:246,3
BRDA:246,7,0,1
BRDA:246,7,1,2
DA:250,2
BRDA:250,8,0,1
BRDA:250,8,1,1
DA:252,1
DA:253,1
DA:254,1
FN:262,BancorExchangeProvider.createExchange
FNDA:70,BancorExchangeProvider.createExchange
DA:265,69
DA:266,69
DA:268,61
DA:274,61
BRDA:274,9,0,1
BRDA:274,9,1,60
DA:279,60
DA:280,60
DA:281,60
BRDA:281,10,0,1
BRDA:281,10,1,59
DA:285,59
BRDA:285,11,0,1
BRDA:285,11,1,58
DA:287,58
DA:289,58
DA:292,58
DA:293,58
DA:294,58
FN:307,BancorExchangeProvider.destroyExchange
FNDA:4,BancorExchangeProvider.destroyExchange
DA:311,3
BRDA:311,12,0,1
BRDA:311,12,1,2
DA:315,2
BRDA:315,13,0,1
BRDA:315,13,1,1
DA:319,1
DA:321,1
DA:322,1
DA:323,1
DA:324,1
DA:326,1
FN:341,BancorExchangeProvider.swapIn
FNDA:10,BancorExchangeProvider.swapIn
DA:347,9
DA:348,8
DA:349,8
DA:355,5
DA:357,5
DA:358,5
FN:369,BancorExchangeProvider.swapOut
FNDA:10,BancorExchangeProvider.swapOut
DA:375,9
DA:376,8
DA:378,8
DA:384,5
DA:386,5
DA:387,5
FN:400,BancorExchangeProvider.executeSwap
FNDA:10,BancorExchangeProvider.executeSwap
DA:406,10
DA:407,10
BRDA:407,14,0,6
BRDA:407,14,1,4
DA:408,6
DA:409,6
DA:411,4
DA:412,4
DA:414,10
DA:415,10
FN:426,BancorExchangeProvider._getAmountIn
FNDA:14,BancorExchangeProvider._getAmountIn
DA:437,11
BRDA:437,15,0,6
BRDA:437,15,1,5
DA:438,6
DA:445,5
DA:452,5
FN:466,BancorExchangeProvider._getAmountOut
FNDA:20,BancorExchangeProvider._getAmountOut
DA:477,11
BRDA:477,16,0,6
BRDA:477,16,1,5
DA:478,6
DA:485,5
DA:488,5
FN:502,BancorExchangeProvider.validate
FNDA:69,BancorExchangeProvider.validate
DA:503,69
BRDA:503,17,0,1
BRDA:503,17,1,68
DA:504,68
BRDA:504,18,0,1
BRDA:504,18,1,67
DA:508,67
BRDA:508,19,0,1
BRDA:508,19,1,66
DA:509,66
BRDA:509,20,0,1
BRDA:509,20,1,65
DA:513,65
BRDA:513,21,0,2
BRDA:513,21,1,63
DA:514,63
BRDA:514,22,0,1
BRDA:514,22,1,62
DA:515,62
BRDA:515,23,0,1
BRDA:515,23,1,61
FNF:22
FNH:22
LF:103
LH:100
BRF:47
BRH:46
end_of_record
TN:
SF:contracts/BancorFormula.sol
FN:39,BancorFormula.initMaxExpArray
FNDA:94,BancorFormula.initMaxExpArray
DA:72,94
DA:73,94
DA:74,94
DA:75,94
DA:76,94
DA:77,94
DA:78,94
DA:79,94
DA:80,94
DA:81,94
DA:82,94
DA:83,94
DA:84,94
DA:85,94
DA:86,94
DA:87,94
DA:88,94
DA:89,94
DA:90,94
DA:91,94
DA:92,94
DA:93,94
DA:94,94
DA:95,94
DA:96,94
DA:97,94
DA:98,94
DA:99,94
DA:100,94
DA:101,94
DA:102,94
DA:103,94
DA:104,94
DA:105,94
DA:106,94
DA:107,94
DA:108,94
DA:109,94
DA:110,94
DA:111,94
DA:112,94
DA:113,94
DA:114,94
DA:115,94
DA:116,94
DA:117,94
DA:118,94
DA:119,94
DA:120,94
DA:121,94
DA:122,94
DA:123,94
DA:124,94
DA:125,94
DA:126,94
DA:127,94
DA:128,94
DA:129,94
DA:130,94
DA:131,94
DA:132,94
DA:133,94
DA:134,94
DA:135,94
DA:136,94
DA:137,94
DA:138,94
DA:139,94
DA:140,94
DA:141,94
DA:142,94
DA:143,94
DA:144,94
DA:145,94
DA:146,94
DA:147,94
DA:148,94
DA:149,94
DA:150,94
DA:151,94
DA:152,94
DA:153,94
DA:154,94
DA:155,94
DA:156,94
DA:157,94
DA:158,94
DA:159,94
DA:160,94
DA:161,94
DA:162,94
DA:163,94
DA:164,94
DA:165,94
DA:166,94
DA:167,94
FN:173,BancorFormula.init
FNDA:0,BancorFormula.init
DA:174,94
FN:191,BancorFormula.purchaseTargetAmount
FNDA:6,BancorFormula.purchaseTargetAmount
DA:198,6
BRDA:198,0,0,-
BRDA:198,0,1,6
DA:199,6
BRDA:199,1,0,-
BRDA:199,1,1,6
DA:200,6
BRDA:200,2,0,-
BRDA:200,2,1,6
DA:203,6
DA:206,6
DA:208,6
DA:209,6
DA:210,6
DA:211,6
DA:212,6
DA:213,6
FN:230,BancorFormula.saleTargetAmount
FNDA:5,BancorFormula.saleTargetAmount
DA:237,5
BRDA:237,5,0,-
BRDA:237,5,1,5
DA:238,5
BRDA:238,6,0,-
BRDA:238,6,1,5
DA:239,5
BRDA:239,7,0,-
BRDA:239,7,1,5
DA:240,5
BRDA:240,8,0,-
BRDA:240,8,1,5
DA:243,5
DA:246,5
DA:249,5
DA:251,5
DA:252,5
DA:253,5
DA:254,5
DA:255,5
DA:256,5
DA:257,5
FN:274,BancorFormula.fundCost
FNDA:6,BancorFormula.fundCost
DA:281,6
BRDA:281,12,0,-
BRDA:281,12,1,6
DA:282,6
BRDA:282,13,0,-
BRDA:282,13,1,6
DA:283,6
BRDA:283,14,0,-
BRDA:283,14,1,6
DA:286,6
DA:289,6
DA:291,6
DA:292,6
DA:293,6
DA:294,6
DA:295,6
DA:296,6
FN:313,BancorFormula.fundSupplyAmount
FNDA:5,BancorFormula.fundSupplyAmount
DA:320,5
BRDA:320,17,0,-
BRDA:320,17,1,5
DA:321,5
BRDA:321,18,0,-
BRDA:321,18,1,5
DA:322,5
BRDA:322,19,0,-
BRDA:322,19,1,5
DA:325,5
DA:328,5
DA:330,5
DA:331,5
DA:332,5
DA:333,5
DA:334,5
DA:335,5
FN:356,BancorFormula.power
FNDA:22,BancorFormula.power
DA:357,22
BRDA:357,22,0,-
BRDA:357,22,1,22
DA:359,22
DA:360,22
DA:361,22
BRDA:361,23,0,22
BRDA:361,23,1,-
DA:362,22
DA:364,0
DA:367,22
DA:368,22
BRDA:368,24,0,22
BRDA:368,24,1,-
DA:369,22
DA:371,0
DA:372,0
FN:380,BancorFormula.generalLog
FNDA:0,BancorFormula.generalLog
DA:381,0
DA:384,0
BRDA:384,25,0,-
DA:385,0
DA:386,0
DA:387,0
DA:391,0
BRDA:391,26,0,-
DA:392,0
DA:393,0
DA:394,0
BRDA:394,27,0,-
DA:395,0
DA:396,0
DA:401,0
FN:407,BancorFormula.floorLog2
FNDA:0,BancorFormula.floorLog2
DA:408,0
DA:410,0
BRDA:410,28,0,-
BRDA:410,28,1,-
DA:412,0
DA:413,0
DA:414,0
DA:418,0
DA:419,0
BRDA:419,29,0,-
DA:420,0
DA:421,0
DA:426,0
FN:434,BancorFormula.findPositionInMaxExpArray
FNDA:0,BancorFormula.findPositionInMaxExpArray
DA:435,0
DA:436,0
DA:438,0
DA:439,0
DA:440,0
BRDA:440,30,0,-
BRDA:440,30,1,-
DA:441,0
DA:444,0
DA:445,0
DA:447,0
BRDA:447,33,0,-
BRDA:447,33,1,-
FN:457,BancorFormula.generalExp
FNDA:0,BancorFormula.generalExp
DA:458,0
DA:459,0
DA:461,0
DA:462,0
DA:463,0
DA:464,0
DA:465,0
DA:466,0
DA:467,0
DA:468,0
DA:469,0
DA:470,0
DA:471,0
DA:472,0
DA:473,0
DA:474,0
DA:475,0
DA:476,0
DA:477,0
DA:478,0
DA:479,0
DA:480,0
DA:481,0
DA:482,0
DA:483,0
DA:484,0
DA:485,0
DA:486,0
DA:487,0
DA:488,0
DA:489,0
DA:490,0
DA:491,0
DA:492,0
DA:493,0
DA:494,0
DA:495,0
DA:496,0
DA:497,0
DA:498,0
DA:499,0
DA:500,0
DA:501,0
DA:502,0
DA:503,0
DA:504,0
DA:505,0
DA:506,0
DA:507,0
DA:508,0
DA:509,0
DA:510,0
DA:511,0
DA:512,0
DA:513,0
DA:514,0
DA:515,0
DA:516,0
DA:517,0
DA:518,0
DA:519,0
DA:520,0
DA:521,0
DA:522,0
DA:523,0
DA:524,0
DA:526,0
FN:540,BancorFormula.optimalLog
FNDA:22,BancorFormula.optimalLog
DA:541,22
DA:543,22
DA:544,22
DA:545,22
DA:547,22
BRDA:547,34,0,-
DA:548,0
DA:549,0
DA:551,22
BRDA:551,35,0,-
DA:552,0
DA:553,0
DA:555,22
BRDA:555,36,0,-
DA:556,0
DA:557,0
DA:559,22
BRDA:559,37,0,-
DA:560,0
DA:561,0
DA:563,22
BRDA:563,38,0,-
DA:564,0
DA:565,0
DA:567,22
BRDA:567,39,0,4
DA:568,4
DA:569,4
DA:571,22
BRDA:571,40,0,-
DA:572,0
DA:573,0
DA:575,22
BRDA:575,41,0,-
DA:576,0
DA:577,0
DA:580,22
DA:581,22
DA:582,22
DA:583,22
DA:584,22
DA:585,22
DA:586,22
DA:587,22
DA:588,22
DA:589,22
DA:590,22
DA:591,22
DA:592,22
DA:593,22
DA:594,22
DA:595,22
DA:596,22
DA:598,22
FN:612,BancorFormula.optimalExp
FNDA:22,BancorFormula.optimalExp
DA:613,22
DA:615,22
DA:616,22
DA:618,22
DA:619,22
DA:620,22
DA:621,22
DA:622,22
DA:623,22
DA:624,22
DA:625,22
DA:626,22
DA:627,22
DA:628,22
DA:629,22
DA:630,22
DA:631,22
DA:632,22
DA:633,22
DA:634,22
DA:635,22
DA:636,22
DA:637,22
DA:638,22
DA:639,22
DA:640,22
DA:641,22
DA:642,22
DA:643,22
DA:644,22
DA:645,22
DA:646,22
DA:647,22
DA:648,22
DA:649,22
DA:650,22
DA:651,22
DA:652,22
DA:653,22
DA:654,22
DA:655,22
DA:656,22
DA:657,22
DA:659,22
DA:660,0
BRDA:660,42,0,-
DA:661,22
DA:662,0
BRDA:662,43,0,-
DA:663,22
DA:664,0
BRDA:664,44,0,-
DA:665,22
DA:666,0
BRDA:666,45,0,-
DA:667,22
DA:668,0
BRDA:668,46,0,-
DA:669,22
DA:670,0
BRDA:670,47,0,-
DA:671,22
DA:672,0
BRDA:672,48,0,-
DA:674,22
FNF:13
FNH:8
LF:357
LH:235
BRF:57
BRH:17
end_of_record
TN:
SF:contracts/GoodDollarExchangeProvider.sol
FN:36,GoodDollarExchangeProvider.
FNDA:31,GoodDollarExchangeProvider.
FN:45,GoodDollarExchangeProvider.initialize
FNDA:31,GoodDollarExchangeProvider.initialize
DA:51,31
DA:52,31
DA:54,31
DA:55,31
FN:60,GoodDollarExchangeProvider.onlyAvatar
FNDA:2,GoodDollarExchangeProvider.onlyAvatar
DA:61,2
BRDA:61,0,0,1
BRDA:61,0,1,2
FN:65,GoodDollarExchangeProvider.onlyExpansionController
FNDA:9,GoodDollarExchangeProvider.onlyExpansionController
DA:66,9
BRDA:66,1,0,1
BRDA:66,1,1,7
FN:76,GoodDollarExchangeProvider.setAvatar
FNDA:3,GoodDollarExchangeProvider.setAvatar
DA:77,33
BRDA:77,2,0,1
BRDA:77,2,1,32
DA:78,32
DA:79,32
FN:86,GoodDollarExchangeProvider.setExpansionController
FNDA:3,GoodDollarExchangeProvider.setExpansionController
DA:87,33
BRDA:87,3,0,1
BRDA:87,3,1,32
DA:88,32
DA:89,32
FN:100,GoodDollarExchangeProvider.swapIn
FNDA:4,GoodDollarExchangeProvider.swapIn
DA:106,3
FN:117,GoodDollarExchangeProvider.swapOut
FNDA:4,GoodDollarExchangeProvider.swapOut
DA:123,3
FN:135,GoodDollarExchangeProvider.mintFromExpansion
FNDA:9,GoodDollarExchangeProvider.mintFromExpansion
DA:139,7
BRDA:139,4,0,1
BRDA:139,4,1,6
DA:140,6
DA:142,5
DA:143,5
DA:145,5
DA:146,5
DA:148,5
DA:149,5
DA:151,5
DA:152,5
DA:154,5
DA:155,5
DA:156,5
FN:168,GoodDollarExchangeProvider.mintFromInterest
FNDA:8,GoodDollarExchangeProvider.mintFromInterest
DA:172,6
DA:174,5
DA:175,5
DA:178,5
DA:180,5
DA:181,5
DA:183,5
FN:193,GoodDollarExchangeProvider.updateRatioForReward
FNDA:5,GoodDollarExchangeProvider.updateRatioForReward
DA:194,3
DA:196,2
BRDA:196,5,0,-
DA:197,0
DA:200,2
DA:201,2
DA:203,2
DA:204,2
DA:205,2
DA:207,2
DA:208,2
DA:209,2
DA:211,2
FN:218,GoodDollarExchangeProvider.pause
FNDA:3,GoodDollarExchangeProvider.pause
DA:219,2
FN:226,GoodDollarExchangeProvider.unpause
FNDA:2,GoodDollarExchangeProvider.unpause
DA:227,1
FNF:13
FNH:13
LF:48
LH:47
BRF:11
BRH:10
end_of_record
TN:
SF:contracts/GoodDollarExpansionController.sol
FN:55,GoodDollarExpansionController.
FNDA:40,GoodDollarExpansionController.
DA:56,0
BRDA:56,0,0,-
DA:57,0
FN:68,GoodDollarExpansionController.initialize
FNDA:40,GoodDollarExpansionController.initialize
DA:74,40
DA:75,40
DA:77,40
DA:78,40
DA:79,40
DA:80,40
FN:85,GoodDollarExpansionController.onlyAvatar
FNDA:4,GoodDollarExpansionController.onlyAvatar
DA:86,4
BRDA:86,1,0,1
BRDA:86,1,1,25
FN:97,GoodDollarExpansionController.getExpansionConfig
FNDA:10,GoodDollarExpansionController.getExpansionConfig
DA:100,20
BRDA:100,2,0,2
BRDA:100,2,1,18
DA:104,18
FN:113,GoodDollarExpansionController.setGoodDollarExchangeProvider
FNDA:3,GoodDollarExpansionController.setGoodDollarExchangeProvider
DA:116,42
BRDA:116,3,0,1
BRDA:116,3,1,41
DA:120,41
DA:123,41
FN:130,GoodDollarExpansionController.setDistributionHelper
FNDA:3,GoodDollarExpansionController.setDistributionHelper
DA:133,42
BRDA:133,4,0,1
BRDA:133,4,1,41
DA:137,41
DA:138,41
FN:145,GoodDollarExpansionController.setReserve
FNDA:3,GoodDollarExpansionController.setReserve
DA:146,42
BRDA:146,5,0,1
BRDA:146,5,1,41
DA:147,41
DA:148,41
FN:155,GoodDollarExpansionController.setAvatar
FNDA:3,GoodDollarExpansionController.setAvatar
DA:156,42
BRDA:156,6,0,1
BRDA:156,6,1,41
DA:157,41
DA:158,41
FN:167,GoodDollarExpansionController.setExpansionConfig
FNDA:26,GoodDollarExpansionController.setExpansionConfig
DA:172,25
BRDA:172,7,0,1
BRDA:172,7,1,24
DA:176,24
BRDA:176,8,0,1
BRDA:176,8,1,23
DA:177,23
BRDA:177,9,0,1
BRDA:177,9,1,22
DA:182,22
DA:183,22
DA:186,22
FN:194,GoodDollarExpansionController.mintUBIFromInterest
FNDA:3,GoodDollarExpansionController.mintUBIFromInterest
DA:198,3
BRDA:198,10,0,1
BRDA:198,10,1,2
DA:199,2
DA:200,2
DA:204,2
DA:209,2
BRDA:209,11,0,-
BRDA:209,11,1,2
DA:217,2
DA:221,2
FN:229,GoodDollarExpansionController.mintUBIFromReserveBalance
FNDA:2,GoodDollarExpansionController.mintUBIFromReserveBalance
DA:232,2
DA:233,2
DA:237,2
DA:239,2
DA:241,2
BRDA:241,12,0,1
DA:242,1
DA:246,1
DA:251,1
FN:260,GoodDollarExpansionController.mintUBIFromExpansion
FNDA:10,GoodDollarExpansionController.mintUBIFromExpansion
DA:263,10
DA:264,9
DA:265,9
DA:269,9
DA:270,9
DA:271,9
BRDA:271,13,0,8
DA:272,8
DA:275,8
BRDA:275,14,0,6
BRDA:275,14,1,2
DA:276,6
DA:278,2
DA:283,8
DA:284,8
DA:288,8
DA:291,8
DA:296,8
DA:300,8
DA:301,8
FN:311,GoodDollarExpansionController.mintRewardFromRR
FNDA:4,GoodDollarExpansionController.mintRewardFromRR
DA:316,3
BRDA:316,15,0,1
BRDA:316,15,1,2
DA:317,2
BRDA:317,16,0,1
BRDA:317,16,1,1
DA:318,1
DA:319,1
DA:323,1
DA:324,1
DA:325,1
FNF:13
FNH:13
LF:68
LH:66
BRF:31
BRH:29
end_of_record
TN:
SF:contracts/common/SafeERC20MintableBurnable.sol
FN:18,SafeERC20MintableBurnable.safeTransferFrom
FNDA:10,SafeERC20MintableBurnable.safeTransferFrom
DA:19,10
FN:22,SafeERC20MintableBurnable.safeMint
FNDA:5,SafeERC20MintableBurnable.safeMint
DA:23,5
FN:26,SafeERC20MintableBurnable.safeBurn
FNDA:5,SafeERC20MintableBurnable.safeBurn
DA:27,5
FN:36,SafeERC20MintableBurnable._callOptionalReturn
FNDA:20,SafeERC20MintableBurnable._callOptionalReturn
DA:41,20
DA:42,20
BRDA:42,0,0,18
DA:44,18
BRDA:44,1,0,-
BRDA:44,1,1,18
FNF:4
FNH:4
LF:6
LH:6
BRF:3
BRH:2
end_of_record
TN:
SF:contracts/common/UsingRegistry.sol
FN:40,UsingRegistry.onlyRegisteredContract
FNDA:0,UsingRegistry.onlyRegisteredContract
DA:41,0
BRDA:41,0,0,-
BRDA:41,0,1,-
FN:45,UsingRegistry.onlyRegisteredContracts
FNDA:0,UsingRegistry.onlyRegisteredContracts
DA:46,0
BRDA:46,1,0,-
BRDA:46,1,1,-
FN:54,UsingRegistry.setRegistry
FNDA:0,UsingRegistry.setRegistry
DA:55,6
BRDA:55,2,0,-
BRDA:55,2,1,6
DA:56,6
DA:57,6
FN:60,UsingRegistry.getExchange
FNDA:0,UsingRegistry.getExchange
DA:61,0
FN:64,UsingRegistry.getFreezer
FNDA:0,UsingRegistry.getFreezer
DA:65,0
FN:68,UsingRegistry.getGoldToken
FNDA:0,UsingRegistry.getGoldToken
DA:69,0
FN:72,UsingRegistry.getReserve
FNDA:0,UsingRegistry.getReserve
DA:73,0
FN:76,UsingRegistry.getSortedOracles
FNDA:0,UsingRegistry.getSortedOracles
DA:77,0
FN:80,UsingRegistry.getStableToken
FNDA:0,UsingRegistry.getStableToken
DA:81,0
FNF:9
FNH:0
LF:11
LH:3
BRF:6
BRH:1
end_of_record
TN:
SF:contracts/libraries/TradingLimits.sol
FN:54,TradingLimits.validate
FNDA:14,TradingLimits.validate
DA:55,14
BRDA:55,0,0,1
BRDA:55,0,1,13
DA:56,13
BRDA:56,1,0,2
BRDA:56,1,1,11
DA:57,11
BRDA:57,2,0,-
BRDA:57,2,1,11
DA:58,11
BRDA:58,3,0,1
BRDA:58,3,1,10
DA:59,10
BRDA:59,4,0,1
BRDA:59,4,1,9
DA:60,9
BRDA:60,5,0,1
BRDA:60,5,1,8
DA:61,8
BRDA:61,6,0,1
BRDA:61,6,1,7
DA:62,7
BRDA:62,7,0,1
BRDA:62,7,1,6
DA:63,6
BRDA:63,8,0,1
BRDA:63,8,1,5
FN:72,TradingLimits.verify
FNDA:12,TradingLimits.verify
DA:73,12
BRDA:73,9,0,3
DA:74,3
DA:76,9
BRDA:76,10,0,2
DA:77,2
DA:80,7
DA:82,2
BRDA:82,11,0,2
DA:83,2
FN:96,TradingLimits.reset
FNDA:5,TradingLimits.reset
DA:101,5
DA:102,5
DA:103,5
BRDA:103,12,0,-
DA:104,0
DA:106,5
BRDA:106,13,0,5
DA:107,5
DA:109,5
BRDA:109,14,0,4
DA:110,4
DA:112,5
FN:124,TradingLimits.update
FNDA:12,TradingLimits.update
DA:130,12
DA:131,12
BRDA:131,15,0,1
BRDA:131,15,1,11
DA:133,11
DA:134,11
BRDA:134,16,0,2
DA:135,2
DA:138,11
BRDA:138,17,0,5
DA:139,5
BRDA:139,18,0,-
DA:140,0
DA:141,0
DA:143,5
DA:145,5
BRDA:145,19,0,1
DA:146,1
BRDA:146,20,0,-
DA:147,0
DA:148,0
DA:150,1
DA:153,11
BRDA:153,21,0,6
DA:154,6
DA:157,10
FN:167,TradingLimits.safeINT48Add
FNDA:12,TradingLimits.safeINT48Add
DA:168,12
DA:169,12
BRDA:169,22,0,1
BRDA:169,22,1,11
DA:170,11
FNF:5
FNH:5
LF:46
LH:41
BRF:34
BRH:30
end_of_record
TN:
SF:contracts/swap/Broker.sol
FN:55,Broker.
FNDA:36,Broker.
FN:62,Broker.initialize
FNDA:36,Broker.initialize
DA:63,36
DA:64,36
DA:65,96
FN:74,Broker.setReserves
FNDA:4,Broker.setReserves
DA:78,3
DA:79,4
BRDA:79,0,0,1
BRDA:79,0,1,3
DA:80,3
BRDA:80,1,0,1
BRDA:80,1,1,2
DA:81,2
DA:82,2
FN:94,Broker.addExchangeProvider
FNDA:5,Broker.addExchangeProvider
DA:98,100
BRDA:98,2,0,1
BRDA:98,2,1,99
DA:99,99
BRDA:99,3,0,1
BRDA:99,3,1,98
DA:100,98
BRDA:100,4,0,1
BRDA:100,4,1,97
DA:101,97
DA:102,97
DA:103,97
DA:104,97
DA:105,97
DA:106,97
FN:114,Broker.removeExchangeProvider
FNDA:4,Broker.removeExchangeProvider
DA:118,3
BRDA:118,5,0,2
BRDA:118,5,1,1
DA:119,1
DA:120,1
DA:121,1
DA:122,1
DA:123,1
FN:135,Broker.getAmountIn
FNDA:4,Broker.getAmountIn
DA:142,4
BRDA:142,6,0,1
BRDA:142,6,1,3
DA:143,3
FN:155,Broker.getAmountOut
FNDA:4,Broker.getAmountOut
DA:162,4
BRDA:162,7,0,1
BRDA:162,7,1,3
DA:163,3
FN:176,Broker.swapIn
FNDA:7,Broker.swapIn
DA:184,7
BRDA:184,8,0,-
BRDA:184,8,1,7
DA:186,7
DA:187,7
BRDA:187,9,0,1
BRDA:187,9,1,6
DA:188,6
DA:190,5
DA:191,5
DA:192,5
DA:193,5
FN:206,Broker.swapOut
FNDA:6,Broker.swapOut
DA:214,6
BRDA:214,10,0,1
BRDA:214,10,1,5
DA:216,5
DA:217,5
BRDA:217,11,0,1
BRDA:217,11,1,4
DA:218,4
DA:220,4
DA:221,4
DA:222,4
DA:223,4
FN:232,Broker.burnStableTokens
FNDA:1,Broker.burnStableTokens
DA:233,1
DA:234,1
DA:235,1
FN:250,Broker.configureTradingLimit
FNDA:2,Broker.configureTradingLimit
DA:255,2
DA:257,2
DA:258,2
DA:259,2
DA:260,2
FN:274,Broker.transferOut
FNDA:9,Broker.transferOut
DA:275,9
DA:276,9
BRDA:276,12,0,5
BRDA:276,12,1,4
DA:277,5
DA:278,4
BRDA:278,13,0,4
BRDA:278,13,1,4
DA:279,4
BRDA:279,14,0,-
BRDA:279,14,1,4
DA:281,0
FN:294,Broker.transferIn
FNDA:9,Broker.transferIn
DA:295,9
DA:296,9
BRDA:296,15,0,4
BRDA:296,15,1,-
DA:297,4
DA:298,4
DA:299,5
BRDA:299,16,0,5
BRDA:299,16,1,-
DA:300,5
DA:302,0
FN:315,Broker.guardTradingLimits
FNDA:10,Broker.guardTradingLimits
DA:322,10
DA:323,10
DA:324,10
BRDA:324,17,0,-
BRDA:324,17,1,10
DA:325,10
BRDA:325,18,0,-
BRDA:325,18,1,10
DA:327,10
DA:328,9
FN:338,Broker.guardTradingLimit
FNDA:19,Broker.guardTradingLimit
DA:339,19
DA:340,19
BRDA:340,19,0,2
DA:341,2
DA:342,2
DA:343,2
DA:344,1
FN:355,Broker.getExchangeProviders
FNDA:3,Broker.getExchangeProviders
DA:356,3
FNF:16
FNH:16
LF:77
LH:75
BRF:39
BRH:33
end_of_record
TN:
SF:contracts/swap/Reserve.sol
FN:109,Reserve.
FNDA:6,Reserve.
FN:111,Reserve.isStableToken
FNDA:0,Reserve.isStableToken
DA:112,0
BRDA:112,0,0,-
BRDA:112,0,1,-
FN:123,Reserve.getVersionNumber
FNDA:0,Reserve.getVersionNumber
DA:128,0
FN:131,Reserve.
FNDA:0,Reserve.
FN:148,Reserve.initialize
FNDA:6,Reserve.initialize
DA:161,6
DA:162,6
DA:163,6
DA:164,6
DA:165,6
DA:166,6
DA:167,6
DA:168,6
DA:169,6
DA:170,6
DA:172,6
FN:182,Reserve.setTobinTaxStalenessThreshold
FNDA:0,Reserve.setTobinTaxStalenessThreshold
DA:183,6
BRDA:183,1,0,-
BRDA:183,1,1,6
DA:184,6
DA:185,6
FN:192,Reserve.setTobinTax
FNDA:0,Reserve.setTobinTax
DA:193,6
BRDA:193,2,0,-
BRDA:193,2,1,6
DA:197,6
DA:198,6
FN:205,Reserve.setTobinTaxReserveRatio
FNDA:0,Reserve.setTobinTaxReserveRatio
DA:206,6
DA:207,6
FN:214,Reserve.setDailySpendingRatio
FNDA:0,Reserve.setDailySpendingRatio
DA:215,6
DA:216,6
BRDA:216,3,0,-
BRDA:216,3,1,6
DA:220,6
FN:231,Reserve.setDailySpendingRatioForCollateralAssets
FNDA:0,Reserve.setDailySpendingRatioForCollateralAssets
DA:235,6
BRDA:235,4,0,-
BRDA:235,4,1,6
DA:240,6
DA:242,6
DA:243,6
DA:244,6
BRDA:244,5,0,6
DA:245,6
BRDA:245,6,0,-
BRDA:245,6,1,6
DA:249,6
BRDA:249,7,0,-
BRDA:249,7,1,6
DA:255,6
DA:258,6
FN:270,Reserve.getDailySpendingRatio
FNDA:0,Reserve.getDailySpendingRatio
DA:271,0
FN:279,Reserve.getDailySpendingRatioForCollateralAsset
FNDA:0,Reserve.getDailySpendingRatioForCollateralAsset
DA:282,0
FN:290,Reserve.setFrozenGold
FNDA:0,Reserve.setFrozenGold
DA:294,6
BRDA:294,8,0,-
BRDA:294,8,1,6
DA:298,6
DA:300,6
DA:301,6
FN:310,Reserve.setAssetAllocations
FNDA:0,Reserve.setAssetAllocations
DA:314,6
BRDA:314,9,0,-
BRDA:314,9,1,6
DA:315,6
DA:316,6
DA:317,12
DA:319,6
BRDA:319,10,0,-
BRDA:319,10,1,6
DA:324,6
DA:325,0
DA:327,6
DA:328,6
DA:329,12
BRDA:329,11,0,-
BRDA:329,11,1,12
DA:333,12
DA:340,6
BRDA:340,12,0,-
BRDA:340,12,1,6
DA:344,6
FN:352,Reserve.addToken
FNDA:6,Reserve.addToken
DA:353,6
BRDA:353,13,0,-
BRDA:353,13,1,6
DA:354,6
DA:355,6
DA:356,6
DA:357,6
FN:366,Reserve.removeToken
FNDA:0,Reserve.removeToken
DA:370,0
BRDA:370,14,0,-
BRDA:370,14,1,-
DA:374,0
DA:375,0
DA:376,0
DA:377,0
DA:378,0
DA:379,0
FN:387,Reserve.addOtherReserveAddress
FNDA:0,Reserve.addOtherReserveAddress
DA:390,0
BRDA:390,15,0,-
BRDA:390,15,1,-
DA:394,0
DA:395,0
DA:396,0
DA:397,0
FN:406,Reserve.removeOtherReserveAddress
FNDA:0,Reserve.removeOtherReserveAddress
DA:410,0
BRDA:410,16,0,-
BRDA:410,16,1,-
DA:414,0
BRDA:414,17,0,-
BRDA:414,17,1,-
DA:419,0
DA:420,0
DA:423,0
DA:424,0
DA:425,0
DA:426,0
FN:433,Reserve.addSpender
FNDA:0,Reserve.addSpender
DA:434,0
BRDA:434,18,0,-
BRDA:434,18,1,-
DA:435,0
DA:436,0
FN:443,Reserve.removeSpender
FNDA:0,Reserve.removeSpender
DA:444,0
BRDA:444,19,0,-
BRDA:444,19,1,-
DA:445,0
DA:446,0
FN:456,Reserve.isAllowedToSpendExchange
FNDA:0,Reserve.isAllowedToSpendExchange
DA:457,0
BRDA:457,20,0,-
BRDA:457,20,1,-
FN:469,Reserve.addExchangeSpender
FNDA:6,Reserve.addExchangeSpender
DA:470,6
BRDA:470,21,0,-
BRDA:470,21,1,6
DA:471,6
BRDA:471,22,0,-
BRDA:471,22,1,6
DA:475,6
DA:476,6
DA:477,6
FN:485,Reserve.removeExchangeSpender
FNDA:0,Reserve.removeExchangeSpender
DA:489,0
DA:490,0
DA:491,0
BRDA:491,23,0,-
BRDA:491,23,1,-
DA:492,0
BRDA:492,24,0,-
BRDA:492,24,1,-
DA:496,0
DA:498,0
BRDA:498,25,0,-
DA:499,0
DA:504,0
DA:505,0
DA:506,0
FN:515,Reserve.getExchangeSpenders
FNDA:0,Reserve.getExchangeSpenders
DA:516,0
FN:525,Reserve.transferGold
FNDA:0,Reserve.transferGold
DA:529,0
BRDA:529,26,0,-
BRDA:529,26,1,-
DA:533,0
BRDA:533,27,0,-
BRDA:533,27,1,-
DA:537,0
DA:538,0
BRDA:538,28,0,-
DA:539,0
DA:540,0
DA:541,0
DA:545,0
BRDA:545,29,0,-
BRDA:545,29,1,-
DA:546,0
DA:547,0
FN:558,Reserve.transferCollateralAsset
FNDA:0,Reserve.transferCollateralAsset
DA:563,0
BRDA:563,30,0,-
BRDA:563,30,1,-
DA:567,0
BRDA:567,31,0,-
BRDA:567,31,1,-
DA:571,0
BRDA:571,32,0,-
BRDA:571,32,1,-
DA:575,0
DA:576,0
BRDA:576,33,0,-
DA:577,0
DA:580,0
DA:581,0
DA:587,0
DA:590,0
BRDA:590,34,0,-
BRDA:590,34,1,-
DA:592,0
DA:595,0
FN:605,Reserve._transferCollateralAsset
FNDA:2,Reserve._transferCollateralAsset
DA:610,2
BRDA:610,35,0,-
BRDA:610,35,1,2
DA:615,2
DA:616,2
DA:622,2
FN:633,Reserve.transferExchangeCollateralAsset
FNDA:2,Reserve.transferExchangeCollateralAsset
DA:638,2
BRDA:638,36,0,-
BRDA:638,36,1,2
DA:639,2
FN:648,Reserve._transferGold
FNDA:0,Reserve._transferGold
DA:652,0
BRDA:652,37,0,-
BRDA:652,37,1,-
DA:654,0
DA:655,0
DA:656,0
FN:666,Reserve.transferExchangeGold
FNDA:0,Reserve.transferExchangeGold
DA:670,0
FN:678,Reserve.getOrComputeTobinTax
FNDA:0,Reserve.getOrComputeTobinTax
DA:684,0
BRDA:684,38,0,-
DA:685,0
DA:686,0
DA:688,0
FN:698,Reserve.getTokens
FNDA:0,Reserve.getTokens
DA:699,0
FN:706,Reserve.getOtherReserveAddresses
FNDA:0,Reserve.getOtherReserveAddresses
DA:711,0
FN:718,Reserve.getAssetAllocationSymbols
FNDA:0,Reserve.getAssetAllocationSymbols
DA:723,0
FN:730,Reserve.getAssetAllocationWeights
FNDA:0,Reserve.getAssetAllocationWeights
DA:735,0
DA:737,0
DA:738,0
DA:740,0
FN:747,Reserve.getUnfrozenBalance
FNDA:0,Reserve.getUnfrozenBalance
DA:748,0
DA:749,0
DA:750,0
FN:757,Reserve.getReserveGoldBalance
FNDA:0,Reserve.getReserveGoldBalance
DA:758,0
FN:765,Reserve.getOtherReserveAddressesGoldBalance
FNDA:0,Reserve.getOtherReserveAddressesGoldBalance
DA:770,0
DA:772,0
DA:773,0
DA:777,0
FN:784,Reserve.getUnfrozenReserveGoldBalance
FNDA:0,Reserve.getUnfrozenReserveGoldBalance
DA:785,0
FN:794,Reserve.getReserveAddressesCollateralAssetBalance
FNDA:0,Reserve.getReserveAddressesCollateralAssetBalance
DA:797,2
BRDA:797,39,0,-
BRDA:797,39,1,2
DA:801,2
DA:803,2
DA:805,0
DA:809,2
DA:810,2
FN:820,Reserve.addCollateralAsset
FNDA:0,Reserve.addCollateralAsset
DA:823,6
BRDA:823,40,0,-
BRDA:823,40,1,6
DA:827,6
BRDA:827,41,0,-
BRDA:827,41,1,6
DA:828,6
DA:829,6
DA:830,6
DA:831,6
FN:840,Reserve.removeCollateralAsset
FNDA:0,Reserve.removeCollateralAsset
DA:844,0
BRDA:844,42,0,-
BRDA:844,42,1,-
DA:848,0
BRDA:848,43,0,-
BRDA:848,43,1,-
DA:853,0
DA:856,0
DA:857,0
DA:858,0
DA:859,0
FN:867,Reserve.checkIsCollateralAsset
FNDA:0,Reserve.checkIsCollateralAsset
DA:870,14
FN:877,Reserve.getFrozenReserveGoldBalance
FNDA:0,Reserve.getFrozenReserveGoldBalance
DA:878,0
DA:879,0
DA:880,0
DA:881,0
DA:882,0
FN:893,Reserve.getReserveRatio
FNDA:0,Reserve.getReserveRatio
DA:894,0
DA:897,0
DA:898,0
DA:899,0
DA:900,0
DA:905,0
DA:906,0
DA:907,0
DA:909,0
DA:911,0
BRDA:911,45,0,-
DA:914,0
DA:915,0
DA:918,0
DA:923,0
DA:924,0
FN:939,Reserve.computeTobinTax
FNDA:0,Reserve.computeTobinTax
DA:944,0
DA:945,0
BRDA:945,46,0,-
BRDA:945,46,1,-
DA:946,0
DA:948,0
FN:952,Reserve.isStableAsset
FNDA:20,Reserve.isStableAsset
DA:953,20
FNF:47
FNH:7
LF:198
LH:76
BRF:86
BRH:20
end_of_record
TN:
SF:node_modules/@celo/contracts/common/FixidityLib.sol
FN:26,FixidityLib.digits
FNDA:0,FixidityLib.digits
DA:27,0
FN:37,FixidityLib.fixed1
FNDA:24,FixidityLib.fixed1
DA:38,24
FN:47,FixidityLib.wrap
FNDA:42,FixidityLib.wrap
DA:48,42
FN:54,FixidityLib.unwrap
FNDA:0,FixidityLib.unwrap
DA:55,0
FN:62,FixidityLib.mulPrecision
FNDA:0,FixidityLib.mulPrecision
DA:63,0
FN:71,FixidityLib.maxNewFixed
FNDA:0,FixidityLib.maxNewFixed
DA:72,0
FN:82,FixidityLib.newFixed
FNDA:0,FixidityLib.newFixed
DA:83,0
BRDA:83,0,0,-
BRDA:83,0,1,-
DA:84,0
FN:91,FixidityLib.fromFixed
FNDA:0,FixidityLib.fromFixed
DA:92,0
FN:106,FixidityLib.newFixedFraction
FNDA:0,FixidityLib.newFixedFraction
DA:111,0
DA:112,0
DA:113,0
FN:123,FixidityLib.integer
FNDA:0,FixidityLib.integer
DA:124,0
FN:135,FixidityLib.fractional
FNDA:0,FixidityLib.fractional
DA:136,0
FN:147,FixidityLib.add
FNDA:12,FixidityLib.add
DA:148,12
DA:149,12
BRDA:149,1,0,-
BRDA:149,1,1,12
DA:150,12
FN:158,FixidityLib.subtract
FNDA:0,FixidityLib.subtract
DA:159,0
BRDA:159,2,0,-
BRDA:159,2,1,-
DA:160,0
FN:176,FixidityLib.multiply
FNDA:0,FixidityLib.multiply
DA:177,0
DA:178,0
DA:179,0
DA:183,0
DA:184,0
DA:185,0
DA:186,0
DA:189,0
DA:190,0
BRDA:190,6,0,-
BRDA:190,7,0,-
BRDA:190,7,1,-
DA:194,0
DA:195,0
BRDA:195,8,0,-
BRDA:195,9,0,-
BRDA:195,9,1,-
DA:196,0
DA:198,0
DA:199,0
BRDA:199,10,0,-
BRDA:199,11,0,-
BRDA:199,11,1,-
DA:201,0
DA:202,0
BRDA:202,12,0,-
BRDA:202,13,0,-
BRDA:202,13,1,-
DA:204,0
DA:205,0
DA:206,0
DA:207,0
BRDA:207,14,0,-
BRDA:207,15,0,-
BRDA:207,15,1,-
DA:210,0
DA:211,0
DA:212,0
DA:213,0
DA:214,0
FN:226,FixidityLib.reciprocal
FNDA:0,FixidityLib.reciprocal
DA:227,0
BRDA:227,16,0,-
BRDA:227,16,1,-
DA:228,0
FN:244,FixidityLib.divide
FNDA:0,FixidityLib.divide
DA:245,0
BRDA:245,17,0,-
BRDA:245,17,1,-
DA:246,0
DA:247,0
BRDA:247,18,0,-
BRDA:247,18,1,-
DA:248,0
FN:254,FixidityLib.gt
FNDA:0,FixidityLib.gt
DA:255,0
FN:261,FixidityLib.gte
FNDA:0,FixidityLib.gte
DA:262,0
FN:268,FixidityLib.lt
FNDA:0,FixidityLib.lt
DA:269,0
FN:275,FixidityLib.lte
FNDA:18,FixidityLib.lte
DA:276,18
FN:282,FixidityLib.equals
FNDA:6,FixidityLib.equals
DA:283,6
FN:289,FixidityLib.isProperFraction
FNDA:0,FixidityLib.isProperFraction
DA:290,0
FN:26,FixidityLib.digits
FNDA:0,FixidityLib.digits
DA:27,0
FN:37,FixidityLib.fixed1
FNDA:13,FixidityLib.fixed1
DA:38,13
FN:47,FixidityLib.wrap
FNDA:27,FixidityLib.wrap
DA:48,27
FN:54,FixidityLib.unwrap
FNDA:50,FixidityLib.unwrap
DA:55,50
FN:62,FixidityLib.mulPrecision
FNDA:28,FixidityLib.mulPrecision
DA:63,28
FN:71,FixidityLib.maxNewFixed
FNDA:88,FixidityLib.maxNewFixed
DA:72,88
FN:82,FixidityLib.newFixed
FNDA:88,FixidityLib.newFixed
DA:83,88
BRDA:83,0,0,-
BRDA:83,0,1,88
DA:84,88
FN:91,FixidityLib.fromFixed
FNDA:14,FixidityLib.fromFixed
DA:92,14
FN:106,FixidityLib.newFixedFraction
FNDA:37,FixidityLib.newFixedFraction
DA:111,37
DA:112,37
DA:113,37
FN:123,FixidityLib.integer
FNDA:28,FixidityLib.integer
DA:124,28
FN:135,FixidityLib.fractional
FNDA:28,FixidityLib.fractional
DA:136,28
FN:147,FixidityLib.add
FNDA:42,FixidityLib.add
DA:148,42
DA:149,42
BRDA:149,1,0,-
BRDA:149,1,1,42
DA:150,42
FN:158,FixidityLib.subtract
FNDA:0,FixidityLib.subtract
DA:159,0
BRDA:159,2,0,-
BRDA:159,2,1,-
DA:160,0
FN:176,FixidityLib.multiply
FNDA:14,FixidityLib.multiply
DA:177,14
DA:178,14
DA:179,14
DA:183,14
DA:184,14
DA:185,14
DA:186,14
DA:189,14
DA:190,14
BRDA:190,6,0,14
BRDA:190,7,0,-
BRDA:190,7,1,14
DA:194,14
DA:195,14
BRDA:195,8,0,7
BRDA:195,9,0,-
BRDA:195,9,1,7
DA:196,14
DA:198,14
DA:199,14
BRDA:199,10,0,-
BRDA:199,11,0,-
BRDA:199,11,1,-
DA:201,14
DA:202,14
BRDA:202,12,0,14
BRDA:202,13,0,-
BRDA:202,13,1,14
DA:204,14
DA:205,14
DA:206,14
DA:207,14
BRDA:207,14,0,-
BRDA:207,15,0,-
BRDA:207,15,1,-
DA:210,14
DA:211,14
DA:212,14
DA:213,14
DA:214,14
FN:226,FixidityLib.reciprocal
FNDA:0,FixidityLib.reciprocal
DA:227,0
BRDA:227,16,0,-
BRDA:227,16,1,-
DA:228,0
FN:244,FixidityLib.divide
FNDA:50,FixidityLib.divide
DA:245,50
BRDA:245,17,0,-
BRDA:245,17,1,50
DA:246,50
DA:247,50
BRDA:247,18,0,-
BRDA:247,18,1,50
DA:248,50
FN:254,FixidityLib.gt
FNDA:0,FixidityLib.gt
DA:255,0
FN:261,FixidityLib.gte
FNDA:0,FixidityLib.gte
DA:262,0
FN:268,FixidityLib.lt
FNDA:0,FixidityLib.lt
DA:269,0
FN:275,FixidityLib.lte
FNDA:0,FixidityLib.lte
DA:276,0
FN:282,FixidityLib.equals
FNDA:0,FixidityLib.equals
DA:283,0
FN:289,FixidityLib.isProperFraction
FNDA:0,FixidityLib.isProperFraction
DA:290,0
FNF:44
FNH:18
LF:112
LH:52
BRF:54
BRH:11
end_of_record
TN:
SF:node_modules/@celo/contracts/common/Initializable.sol
FN:7,Initializable.
FNDA:6,Initializable.
DA:8,6
BRDA:8,0,0,-
DA:9,0
FN:13,Initializable.initializer
FNDA:6,Initializable.initializer
DA:14,6
BRDA:14,1,0,-
BRDA:14,1,1,6
DA:15,6
FN:7,Initializable.
FNDA:36,Initializable.
DA:8,36
BRDA:8,0,0,-
DA:9,0
FN:13,Initializable.initializer
FNDA:36,Initializable.initializer
DA:14,36
BRDA:14,1,0,-
BRDA:14,1,1,36
DA:15,36
FNF:4
FNH:4
LF:8
LH:6
BRF:6
BRH:2
end_of_record
TN:
SF:node_modules/@celo/contracts/common/libraries/ReentrancyGuard.sol
FN:13,ReentrancyGuard.
FNDA:6,ReentrancyGuard.
DA:16,6
FN:26,ReentrancyGuard.nonReentrant
FNDA:0,ReentrancyGuard.nonReentrant
DA:27,0
DA:28,0
DA:30,0
BRDA:30,0,0,-
BRDA:30,0,1,-
FNF:2
FNH:1
LF:4
LH:1
BRF:2
BRH:0
end_of_record
TN:
SF:test/unit/goodDollar/BancorExchangeProvider.t.sol
FN:50,BancorExchangeProviderTest.setUp
FNDA:63,BancorExchangeProviderTest.setUp
DA:51,63
DA:52,63
DA:53,63
DA:55,63
DA:56,63
DA:58,63
DA:67,63
DA:76,63
DA:84,63
DA:92,63
FN:102,BancorExchangeProviderTest.initializeBancorExchangeProvider
FNDA:63,BancorExchangeProviderTest.initializeBancorExchangeProvider
DA:106,63
DA:110,63
DA:111,63
FNF:2
FNH:2
LF:13
LH:13
BRF:0
BRH:0
end_of_record
TN:
SF:test/unit/goodDollar/GoodDollarExchangeProvider.t.sol
FN:42,GoodDollarExchangeProviderTest.setUp
FNDA:25,GoodDollarExchangeProviderTest.setUp
DA:43,25
DA:44,25
DA:45,25
DA:47,25
DA:48,25
DA:49,25
DA:50,25
DA:52,25
DA:61,25
DA:69,25
DA:77,25
FN:87,GoodDollarExchangeProviderTest.initializeGoodDollarExchangeProvider
FNDA:25,GoodDollarExchangeProviderTest.initializeGoodDollarExchangeProvider
DA:91,25
DA:95,25
DA:101,25
FNF:2
FNH:2
LF:14
LH:14
BRF:0
BRH:0
end_of_record
TN:
SF:test/unit/goodDollar/GoodDollarExpansionController.t.sol
FN:57,GoodDollarExpansionControllerTest.setUp
FNDA:34,GoodDollarExpansionControllerTest.setUp
DA:58,34
DA:59,34
DA:61,34
DA:62,34
DA:63,34
DA:64,34
FN:67,GoodDollarExpansionControllerTest.initializeGoodDollarExpansionController
FNDA:34,GoodDollarExpansionControllerTest.initializeGoodDollarExpansionController
DA:71,34
DA:75,34
DA:82,34
FNF:2
FNH:2
LF:9
LH:9
BRF:0
BRH:0
end_of_record
TN:
SF:test/unit/swap/Broker.t.sol
FN:56,BrokerTest.setUp
FNDA:30,BrokerTest.setUp
DA:58,30
DA:59,30
DA:60,30
DA:61,30
DA:62,30
DA:63,30
DA:64,30
DA:66,30
DA:67,30
DA:69,30
DA:70,30
DA:71,30
DA:72,30
DA:73,30
DA:74,30
DA:76,30
DA:77,30
FNF:1
FNH:1
LF:17
LH:17
BRF:0
BRH:0
end_of_record
TN:
SF:test/utils/harnesses/TradingLimitsHarness.sol
FN:13,TradingLimitsHarness.validate
FNDA:12,TradingLimitsHarness.validate
DA:14,12
FN:17,TradingLimitsHarness.verify
FNDA:10,TradingLimitsHarness.verify
DA:18,10
FN:21,TradingLimitsHarness.reset
FNDA:3,TradingLimitsHarness.reset
DA:25,3
FN:28,TradingLimitsHarness.update
FNDA:10,TradingLimitsHarness.update
DA:34,10
FNF:4
FNH:4
LF:4
LH:4
BRF:0
BRH:0
end_of_record
TN:
SF:test/utils/mocks/MockExchangeProvider.sol
FN:11,MockExchangeProvider.setRate
FNDA:13,MockExchangeProvider.setRate
DA:12,13
DA:13,13
DA:14,13
DA:15,13
FN:18,MockExchangeProvider.getAmountOut
FNDA:3,MockExchangeProvider.getAmountOut
DA:24,3
FN:27,MockExchangeProvider.getAmountIn
FNDA:3,MockExchangeProvider.getAmountIn
DA:33,3
FN:36,MockExchangeProvider.swapIn
FNDA:5,MockExchangeProvider.swapIn
DA:42,5
FN:45,MockExchangeProvider.swapOut
FNDA:3,MockExchangeProvider.swapOut
DA:51,3
FN:54,MockExchangeProvider._getAmountOut
FNDA:8,MockExchangeProvider._getAmountOut
DA:60,8
DA:61,8
FN:64,MockExchangeProvider._getAmountIn
FNDA:6,MockExchangeProvider._getAmountIn
DA:70,6
DA:71,6
FN:74,MockExchangeProvider.getExchanges
FNDA:0,MockExchangeProvider.getExchanges
FNF:8
FNH:7
LF:12
LH:12
BRF:0
BRH:0
end_of_record
TN:
SF:test/utils/mocks/MockReserve.sol
FN:19,MockReserve.
FNDA:0,MockReserve.
FN:24,MockReserve.setGoldToken
FNDA:0,MockReserve.setGoldToken
DA:25,0
FN:28,MockReserve.transferGold
FNDA:0,MockReserve.transferGold
DA:29,0
BRDA:29,0,0,-
BRDA:29,0,1,-
DA:30,0
FN:33,MockReserve.transferExchangeGold
FNDA:0,MockReserve.transferExchangeGold
DA:34,0
BRDA:34,1,0,-
BRDA:34,1,1,-
DA:35,0
FN:38,MockReserve.transferCollateralAsset
FNDA:0,MockReserve.transferCollateralAsset
DA:39,0
BRDA:39,2,0,-
BRDA:39,2,1,-
DA:40,0
FN:43,MockReserve.transferExchangeCollateralAsset
FNDA:2,MockReserve.transferExchangeCollateralAsset
DA:48,2
BRDA:48,3,0,-
BRDA:48,3,1,2
DA:49,2
FN:52,MockReserve.addToken
FNDA:30,MockReserve.addToken
DA:53,30
DA:54,30
FN:57,MockReserve.addCollateralAsset
FNDA:30,MockReserve.addCollateralAsset
DA:58,30
DA:59,30
FN:62,MockReserve.burnToken
FNDA:0,MockReserve.burnToken
DA:63,0
FN:66,MockReserve.getUnfrozenReserveGoldBalance
FNDA:0,MockReserve.getUnfrozenReserveGoldBalance
DA:67,0
FN:70,MockReserve.isStableAsset
FNDA:10,MockReserve.isStableAsset
DA:71,10
FN:74,MockReserve.isCollateralAsset
FNDA:5,MockReserve.isCollateralAsset
DA:75,5
FN:78,MockReserve.setReserveSpender
FNDA:0,MockReserve.setReserveSpender
DA:79,0
FN:82,MockReserve.isExchangeSpender
FNDA:0,MockReserve.isExchangeSpender
DA:83,0
FNF:14
FNH:5
LF:19
LH:8
BRF:8
BRH:1
end_of_record
TN:
SF:test/utils/mocks/TestERC20.sol
FN:7,TestERC20.
FNDA:60,TestERC20.
FN:9,TestERC20.mint
FNDA:13,TestERC20.mint
DA:10,13
DA:11,13
FN:14,TestERC20.burn
FNDA:3,TestERC20.burn
DA:15,3
DA:16,3
FNF:3
FNH:3
LF:4
LH:4
BRF:0
BRH:0
end_of_record
